<?xml version="1.0" encoding="UTF-8"?>
<!-- Generated by org.testng.reporters.JUnitReportReporter -->
<testsuite hostname="EC2AMAZ-NL7S7Q3" failures="0" tests="1" name="com.cgi.test.Partcipant_Creation" time="24.238" errors="0" timestamp="2024-11-29T10:33:27 EST" skipped="0">
  <testcase classname="com.cgi.test.Partcipant_Creation" name="partcipantcreation" time="24.238"/>
</testsuite> <!-- com.cgi.test.Partcipant_Creation -->
