<?xml version="1.0" encoding="UTF-8"?>
<!-- Generated by org.testng.reporters.JUnitReportReporter -->
<testsuite hostname="EC2AMAZ-NL7S7Q3" failures="0" tests="2" name="com.cgi.test.LoginTest" time="16.422" errors="0" timestamp="2024-11-30T11:38:32 EST" skipped="1">
  <testcase classname="com.cgi.test.LoginTest" name="validLoginTest" time="16.422"/>
  <testcase classname="com.cgi.test.LoginTest" name="InvalidLoginTest">
    <skipped/>
  </testcase> <!-- InvalidLoginTest -->
</testsuite> <!-- com.cgi.test.LoginTest -->
